<?xml version="1.0" encoding="UTF-8"?>
<!-- Generated by org.testng.reporters.JUnitXMLReporter -->
<testsuite hostname="DESKTOP-LE78F7L" ignored="0" name="Default test" tests="4" failures="0" timestamp="2021-02-26T09:49:28 IST" time="47.543" errors="0">
  <testcase name="loginTestUsingPOM" time="3.149" classname="regression.ValidateLoginUsingPOM"/>
  <testcase name="loginTestUsingPOM" time="0.909" classname="regression.ValidateLoginUsingPOM"/>
  <testcase name="loginTestUsingPOM" time="0.868" classname="regression.ValidateLoginUsingPOM"/>
  <testcase name="loginTestUsingPOM" time="0.861" classname="regression.ValidateLoginUsingPOM"/>
</testsuite> <!-- Default test -->
