<?xml version="1.0" encoding="UTF-8"?>
<!-- Generated by org.testng.reporters.JUnitXMLReporter -->
<testsuite hostname="DESKTOP-LE78F7L" ignored="0" name="Test" tests="4" failures="0" timestamp="2021-03-04T09:40:13 IST" time="40.714" errors="0">
  <testcase name="loginTestUsingPOM" time="2.949" classname="regression.ValidateLoginUsingPOM"/>
  <testcase name="loginTestUsingPOM" time="0.806" classname="regression.ValidateLoginUsingPOM"/>
  <testcase name="loginTestUsingPOM" time="0.703" classname="regression.ValidateLoginUsingPOM"/>
  <testcase name="loginTestUsingPOM" time="0.773" classname="regression.ValidateLoginUsingPOM"/>
</testsuite> <!-- Test -->
