<?xml version="1.0" encoding="UTF-8"?>
<testng-results skipped="0" failed="0" ignored="0" total="4" passed="4">
  <reporter-output>
  </reporter-output>
  <suite name="Suite" duration-ms="40714" started-at="2021-03-04T09:39:32 IST" finished-at="2021-03-04T09:40:13 IST">
    <groups>
    </groups>
    <test name="Test" duration-ms="40714" started-at="2021-03-04T09:39:32 IST" finished-at="2021-03-04T09:40:13 IST">
      <class name="regression.ValidateLoginUsingPOM">
        <test-method status="PASS" signature="init()[pri:0, instance:regression.ValidateLoginUsingPOM@50d0686]" name="init" is-config="true" duration-ms="705" started-at="2021-03-04T09:39:32 IST" finished-at="2021-03-04T09:39:33 IST">
          <reporter-output>
          </reporter-output>
        </test-method> <!-- init -->
        <test-method status="PASS" signature="setUp()[pri:0, instance:regression.ValidateLoginUsingPOM@50d0686]" name="setUp" is-config="true" duration-ms="10279" started-at="2021-03-04T09:39:34 IST" finished-at="2021-03-04T09:39:44 IST">
          <reporter-output>
          </reporter-output>
        </test-method> <!-- setUp -->
        <test-method status="PASS" signature="loginTestUsingPOM(java.lang.String, java.lang.String, java.lang.String)[pri:0, instance:regression.ValidateLoginUsingPOM@50d0686]" name="loginTestUsingPOM" duration-ms="2949" started-at="2021-03-04T09:39:44 IST" data-provider="getData" finished-at="2021-03-04T09:39:47 IST">
          <params>
            <param index="0">
              <value>
                <![CDATA[reyaz009]]>
              </value>
            </param>
            <param index="1">
              <value>
                <![CDATA[reyaz123]]>
              </value>
            </param>
            <param index="2">
              <value>
                <![CDATA[Adactin.com - Search Hotel]]>
              </value>
            </param>
          </params>
          <reporter-output>
          </reporter-output>
        </test-method> <!-- loginTestUsingPOM -->
        <test-method status="PASS" signature="tearDown()[pri:0, instance:regression.ValidateLoginUsingPOM@50d0686]" name="tearDown" is-config="true" duration-ms="837" started-at="2021-03-04T09:39:48 IST" finished-at="2021-03-04T09:39:49 IST">
          <reporter-output>
          </reporter-output>
        </test-method> <!-- tearDown -->
        <test-method status="PASS" signature="setUp()[pri:0, instance:regression.ValidateLoginUsingPOM@50d0686]" name="setUp" is-config="true" duration-ms="5162" started-at="2021-03-04T09:39:49 IST" finished-at="2021-03-04T09:39:54 IST">
          <reporter-output>
          </reporter-output>
        </test-method> <!-- setUp -->
        <test-method status="PASS" signature="loginTestUsingPOM(java.lang.String, java.lang.String, java.lang.String)[pri:0, instance:regression.ValidateLoginUsingPOM@50d0686]" name="loginTestUsingPOM" duration-ms="806" started-at="2021-03-04T09:39:54 IST" data-provider="getData" finished-at="2021-03-04T09:39:55 IST">
          <params>
            <param index="0">
              <value>
                <![CDATA[reyaz009]]>
              </value>
            </param>
            <param index="1">
              <value>
                <![CDATA[reyaz456]]>
              </value>
            </param>
            <param index="2">
              <value>
                <![CDATA[Adactin.com - Hotel Reservation System]]>
              </value>
            </param>
          </params>
          <reporter-output>
          </reporter-output>
        </test-method> <!-- loginTestUsingPOM -->
        <test-method status="PASS" signature="tearDown()[pri:0, instance:regression.ValidateLoginUsingPOM@50d0686]" name="tearDown" is-config="true" duration-ms="837" started-at="2021-03-04T09:39:55 IST" finished-at="2021-03-04T09:39:56 IST">
          <reporter-output>
          </reporter-output>
        </test-method> <!-- tearDown -->
        <test-method status="PASS" signature="setUp()[pri:0, instance:regression.ValidateLoginUsingPOM@50d0686]" name="setUp" is-config="true" duration-ms="5238" started-at="2021-03-04T09:39:56 IST" finished-at="2021-03-04T09:40:01 IST">
          <reporter-output>
          </reporter-output>
        </test-method> <!-- setUp -->
        <test-method status="PASS" signature="loginTestUsingPOM(java.lang.String, java.lang.String, java.lang.String)[pri:0, instance:regression.ValidateLoginUsingPOM@50d0686]" name="loginTestUsingPOM" duration-ms="703" started-at="2021-03-04T09:40:01 IST" data-provider="getData" finished-at="2021-03-04T09:40:02 IST">
          <params>
            <param index="0">
              <value>
                <![CDATA[reyaz003]]>
              </value>
            </param>
            <param index="1">
              <value>
                <![CDATA[reyaz456]]>
              </value>
            </param>
            <param index="2">
              <value>
                <![CDATA[Adactin.com - Hotel Reservation System]]>
              </value>
            </param>
          </params>
          <reporter-output>
          </reporter-output>
        </test-method> <!-- loginTestUsingPOM -->
        <test-method status="PASS" signature="tearDown()[pri:0, instance:regression.ValidateLoginUsingPOM@50d0686]" name="tearDown" is-config="true" duration-ms="800" started-at="2021-03-04T09:40:03 IST" finished-at="2021-03-04T09:40:03 IST">
          <reporter-output>
          </reporter-output>
        </test-method> <!-- tearDown -->
        <test-method status="PASS" signature="setUp()[pri:0, instance:regression.ValidateLoginUsingPOM@50d0686]" name="setUp" is-config="true" duration-ms="6314" started-at="2021-03-04T09:40:03 IST" finished-at="2021-03-04T09:40:10 IST">
          <reporter-output>
          </reporter-output>
        </test-method> <!-- setUp -->
        <test-method status="PASS" signature="loginTestUsingPOM(java.lang.String, java.lang.String, java.lang.String)[pri:0, instance:regression.ValidateLoginUsingPOM@50d0686]" name="loginTestUsingPOM" duration-ms="773" started-at="2021-03-04T09:40:10 IST" data-provider="getData" finished-at="2021-03-04T09:40:11 IST">
          <params>
            <param index="0">
              <value>
                <![CDATA[rays123]]>
              </value>
            </param>
            <param index="1">
              <value>
                <![CDATA[rays011]]>
              </value>
            </param>
            <param index="2">
              <value>
                <![CDATA[Adactin.com - Hotel Reservation System]]>
              </value>
            </param>
          </params>
          <reporter-output>
          </reporter-output>
        </test-method> <!-- loginTestUsingPOM -->
        <test-method status="PASS" signature="tearDown()[pri:0, instance:regression.ValidateLoginUsingPOM@50d0686]" name="tearDown" is-config="true" duration-ms="909" started-at="2021-03-04T09:40:11 IST" finished-at="2021-03-04T09:40:12 IST">
          <reporter-output>
          </reporter-output>
        </test-method> <!-- tearDown -->
        <test-method status="PASS" signature="end()[pri:0, instance:regression.ValidateLoginUsingPOM@50d0686]" name="end" is-config="true" duration-ms="762" started-at="2021-03-04T09:40:12 IST" finished-at="2021-03-04T09:40:13 IST">
          <reporter-output>
          </reporter-output>
        </test-method> <!-- end -->
      </class> <!-- regression.ValidateLoginUsingPOM -->
    </test> <!-- Test -->
  </suite> <!-- Suite -->
</testng-results>
